2019-05-31 11:38:48.592  INFO 16396 --- [main] c.n.c.CostsupplierApplication            : The following profiles are active: dev
2019-05-31 11:38:48.648  INFO 16396 --- [main] ationConfigEmbeddedWebApplicationContext : Refreshing org.springframework.boot.context.embedded.AnnotationConfigEmbeddedWebApplicationContext@fade1fc: startup date [Fri May 31 11:38:48 CST 2019]; parent: org.springframework.context.annotation.AnnotationConfigApplicationContext@15c43bd9
2019-05-31 11:38:49.265  INFO 16396 --- [main] o.s.cloud.context.scope.GenericScope     : BeanFactory id=376dc958-b980-362d-95f6-a7b5a0092d2a
2019-05-31 11:38:49.280  INFO 16396 --- [main] f.a.AutowiredAnnotationBeanPostProcessor : JSR-330 'javax.inject.Inject' annotation found and supported for autowiring
2019-05-31 11:38:49.301  INFO 16396 --- [main] trationDelegate$BeanPostProcessorChecker : Bean 'com.njwd.costsupplier.feign.BillFeign' of type [org.springframework.cloud.netflix.feign.FeignClientFactoryBean] is not eligible for getting processed by all BeanPostProcessors (for example: not eligible for auto-proxying)
2019-05-31 11:38:49.387  INFO 16396 --- [main] trationDelegate$BeanPostProcessorChecker : Bean 'org.springframework.transaction.annotation.ProxyTransactionManagementConfiguration' of type [org.springframework.transaction.annotation.ProxyTransactionManagementConfiguration$$EnhancerBySpringCGLIB$$1324d49e] is not eligible for getting processed by all BeanPostProcessors (for example: not eligible for auto-proxying)
2019-05-31 11:38:49.483  INFO 16396 --- [main] trationDelegate$BeanPostProcessorChecker : Bean 'org.springframework.cloud.autoconfigure.ConfigurationPropertiesRebinderAutoConfiguration' of type [org.springframework.cloud.autoconfigure.ConfigurationPropertiesRebinderAutoConfiguration$$EnhancerBySpringCGLIB$$2f3ed79b] is not eligible for getting processed by all BeanPostProcessors (for example: not eligible for auto-proxying)
2019-05-31 11:38:49.736  INFO 16396 --- [main] s.b.c.e.t.TomcatEmbeddedServletContainer : Tomcat initialized with port(s): 18054 (http)
2019-05-31 11:38:49.756  INFO 16396 --- [main] o.apache.catalina.core.StandardService   : Starting service [Tomcat]
2019-05-31 11:38:49.758  INFO 16396 --- [main] org.apache.catalina.core.StandardEngine  : Starting Servlet Engine: Apache Tomcat/8.5.39
2019-05-31 11:38:49.866  INFO 16396 --- [localhost-startStop-1] o.a.c.c.C.[Tomcat].[localhost].[/]       : Initializing Spring embedded WebApplicationContext
2019-05-31 11:38:49.867  INFO 16396 --- [localhost-startStop-1] o.s.web.context.ContextLoader            : Root WebApplicationContext: initialization completed in 1219 ms
2019-05-31 11:38:50.002  INFO 16396 --- [localhost-startStop-1] o.s.b.w.servlet.ServletRegistrationBean  : Mapping servlet: 'dispatcherServlet' to [/]
2019-05-31 11:38:50.005  INFO 16396 --- [localhost-startStop-1] o.s.b.w.servlet.FilterRegistrationBean   : Mapping filter: 'characterEncodingFilter' to: [/*]
2019-05-31 11:38:50.006  INFO 16396 --- [localhost-startStop-1] o.s.b.w.servlet.FilterRegistrationBean   : Mapping filter: 'hiddenHttpMethodFilter' to: [/*]
2019-05-31 11:38:50.006  INFO 16396 --- [localhost-startStop-1] o.s.b.w.servlet.FilterRegistrationBean   : Mapping filter: 'httpPutFormContentFilter' to: [/*]
2019-05-31 11:38:50.006  INFO 16396 --- [localhost-startStop-1] o.s.b.w.servlet.FilterRegistrationBean   : Mapping filter: 'requestContextFilter' to: [/*]
2019-05-31 11:38:50.732  INFO 16396 --- [main] s.w.s.m.m.a.RequestMappingHandlerMapping : Mapped "{[/test/test],methods=[GET]}" onto public java.lang.Object com.njwd.costsupplier.controller.TestController.test()
2019-05-31 11:38:50.734  INFO 16396 --- [main] s.w.s.m.m.a.RequestMappingHandlerMapping : Mapped "{[/test/getEnterpriseInfo],methods=[GET]}" onto public com.njwd.costsupplier.entity.ApiMessage com.njwd.costsupplier.controller.TestController.getEnterpriseInfo(java.lang.String)
2019-05-31 11:38:50.735  INFO 16396 --- [main] s.w.s.m.m.a.RequestMappingHandlerMapping : Mapped "{[/v2/api-docs],methods=[GET],produces=[application/json || application/hal+json]}" onto public org.springframework.http.ResponseEntity<springfox.documentation.spring.web.json.Json> springfox.documentation.swagger2.web.Swagger2Controller.getDocumentation(java.lang.String,javax.servlet.http.HttpServletRequest)
2019-05-31 11:38:50.737  INFO 16396 --- [main] s.w.s.m.m.a.RequestMappingHandlerMapping : Mapped "{[/swagger-resources/configuration/security]}" onto org.springframework.http.ResponseEntity<springfox.documentation.swagger.web.SecurityConfiguration> springfox.documentation.swagger.web.ApiResourceController.securityConfiguration()
2019-05-31 11:38:50.738  INFO 16396 --- [main] s.w.s.m.m.a.RequestMappingHandlerMapping : Mapped "{[/swagger-resources]}" onto org.springframework.http.ResponseEntity<java.util.List<springfox.documentation.swagger.web.SwaggerResource>> springfox.documentation.swagger.web.ApiResourceController.swaggerResources()
2019-05-31 11:38:50.738  INFO 16396 --- [main] s.w.s.m.m.a.RequestMappingHandlerMapping : Mapped "{[/swagger-resources/configuration/ui]}" onto org.springframework.http.ResponseEntity<springfox.documentation.swagger.web.UiConfiguration> springfox.documentation.swagger.web.ApiResourceController.uiConfiguration()
2019-05-31 11:38:50.740  INFO 16396 --- [main] s.w.s.m.m.a.RequestMappingHandlerMapping : Mapped "{[/error]}" onto public org.springframework.http.ResponseEntity<java.util.Map<java.lang.String, java.lang.Object>> org.springframework.boot.autoconfigure.web.BasicErrorController.error(javax.servlet.http.HttpServletRequest)
2019-05-31 11:38:50.740  INFO 16396 --- [main] s.w.s.m.m.a.RequestMappingHandlerMapping : Mapped "{[/error],produces=[text/html]}" onto public org.springframework.web.servlet.ModelAndView org.springframework.boot.autoconfigure.web.BasicErrorController.errorHtml(javax.servlet.http.HttpServletRequest,javax.servlet.http.HttpServletResponse)
2019-05-31 11:38:50.922  WARN 16396 --- [main] c.n.c.sources.URLConfigurationSource     : No URLs will be polled as dynamic configuration sources.
2019-05-31 11:38:50.922  INFO 16396 --- [main] c.n.c.sources.URLConfigurationSource     : To enable URLs as dynamic configuration sources, define System property archaius.configurationSource.additionalUrls or make config.properties available on classpath.
2019-05-31 11:38:50.925  WARN 16396 --- [main] c.n.c.sources.URLConfigurationSource     : No URLs will be polled as dynamic configuration sources.
2019-05-31 11:38:50.925  INFO 16396 --- [main] c.n.c.sources.URLConfigurationSource     : To enable URLs as dynamic configuration sources, define System property archaius.configurationSource.additionalUrls or make config.properties available on classpath.
2019-05-31 11:38:51.048  INFO 16396 --- [main] s.w.s.m.m.a.RequestMappingHandlerAdapter : Looking for @ControllerAdvice: org.springframework.boot.context.embedded.AnnotationConfigEmbeddedWebApplicationContext@fade1fc: startup date [Fri May 31 11:38:48 CST 2019]; parent: org.springframework.context.annotation.AnnotationConfigApplicationContext@15c43bd9
2019-05-31 11:38:51.097  INFO 16396 --- [main] o.s.w.s.handler.SimpleUrlHandlerMapping  : Mapped URL path [/webjars/**] onto handler of type [class org.springframework.web.servlet.resource.ResourceHttpRequestHandler]
2019-05-31 11:38:51.097  INFO 16396 --- [main] o.s.w.s.handler.SimpleUrlHandlerMapping  : Mapped URL path [/**] onto handler of type [class org.springframework.web.servlet.resource.ResourceHttpRequestHandler]
2019-05-31 11:38:51.113  INFO 16396 --- [main] .m.m.a.ExceptionHandlerExceptionResolver : Detected @ExceptionHandler methods in globalExceptionHandler
2019-05-31 11:38:51.136  INFO 16396 --- [main] o.s.w.s.handler.SimpleUrlHandlerMapping  : Mapped URL path [/**/favicon.ico] onto handler of type [class org.springframework.web.servlet.resource.ResourceHttpRequestHandler]
2019-05-31 11:38:51.850  WARN 16396 --- [main] arterDeprecationWarningAutoConfiguration : spring-cloud-starter-eureka is deprecated as of Spring Cloud Netflix 1.4.0, please migrate to spring-cloud-starter-netflix-eureka
2019-05-31 11:38:51.890  INFO 16396 --- [main] o.s.j.e.a.AnnotationMBeanExporter        : Registering beans for JMX exposure on startup
2019-05-31 11:38:51.892  INFO 16396 --- [main] o.s.j.e.a.AnnotationMBeanExporter        : Bean with name 'dataSource' has been autodetected for JMX exposure
2019-05-31 11:38:51.898  INFO 16396 --- [main] o.s.j.e.a.AnnotationMBeanExporter        : Bean with name 'configurationPropertiesRebinder' has been autodetected for JMX exposure
2019-05-31 11:38:51.899  INFO 16396 --- [main] o.s.j.e.a.AnnotationMBeanExporter        : Bean with name 'environmentManager' has been autodetected for JMX exposure
2019-05-31 11:38:51.899  INFO 16396 --- [main] o.s.j.e.a.AnnotationMBeanExporter        : Bean with name 'refreshScope' has been autodetected for JMX exposure
2019-05-31 11:38:51.901  INFO 16396 --- [main] o.s.j.e.a.AnnotationMBeanExporter        : Located managed bean 'environmentManager': registering with JMX server as MBean [org.springframework.cloud.context.environment:name=environmentManager,type=EnvironmentManager]
2019-05-31 11:38:51.911  INFO 16396 --- [main] o.s.j.e.a.AnnotationMBeanExporter        : Located managed bean 'refreshScope': registering with JMX server as MBean [org.springframework.cloud.context.scope.refresh:name=refreshScope,type=RefreshScope]
2019-05-31 11:38:51.920  INFO 16396 --- [main] o.s.j.e.a.AnnotationMBeanExporter        : Located managed bean 'configurationPropertiesRebinder': registering with JMX server as MBean [org.springframework.cloud.context.properties:name=configurationPropertiesRebinder,context=fade1fc,type=ConfigurationPropertiesRebinder]
2019-05-31 11:38:51.925  INFO 16396 --- [main] o.s.j.e.a.AnnotationMBeanExporter        : Located MBean 'dataSource': registering with JMX server as MBean [com.alibaba.druid.pool:name=dataSource,type=DruidDataSource]
2019-05-31 11:38:51.936  INFO 16396 --- [main] o.s.c.support.DefaultLifecycleProcessor  : Starting beans in phase 0
2019-05-31 11:38:51.950  INFO 16396 --- [main] o.s.c.n.eureka.InstanceInfoFactory       : Setting initial instance status as: STARTING
2019-05-31 11:38:51.992  INFO 16396 --- [main] com.netflix.discovery.DiscoveryClient    : Initializing Eureka in region us-east-1
2019-05-31 11:38:52.107  INFO 16396 --- [main] c.n.d.provider.DiscoveryJerseyProvider   : Using JSON encoding codec LegacyJacksonJson
2019-05-31 11:38:52.107  INFO 16396 --- [main] c.n.d.provider.DiscoveryJerseyProvider   : Using JSON decoding codec LegacyJacksonJson
2019-05-31 11:38:52.197  INFO 16396 --- [main] c.n.d.provider.DiscoveryJerseyProvider   : Using XML encoding codec XStreamXml
2019-05-31 11:38:52.197  INFO 16396 --- [main] c.n.d.provider.DiscoveryJerseyProvider   : Using XML decoding codec XStreamXml
2019-05-31 11:38:52.327  INFO 16396 --- [main] c.n.d.s.r.aws.ConfigClusterResolver      : Resolving eureka endpoints via configuration
2019-05-31 11:38:52.382  INFO 16396 --- [main] com.netflix.discovery.DiscoveryClient    : Disable delta property : false
2019-05-31 11:38:52.382  INFO 16396 --- [main] com.netflix.discovery.DiscoveryClient    : Single vip registry refresh property : null
2019-05-31 11:38:52.382  INFO 16396 --- [main] com.netflix.discovery.DiscoveryClient    : Force full registry fetch : false
2019-05-31 11:38:52.382  INFO 16396 --- [main] com.netflix.discovery.DiscoveryClient    : Application is null : false
2019-05-31 11:38:52.382  INFO 16396 --- [main] com.netflix.discovery.DiscoveryClient    : Registered Applications size is zero : true
2019-05-31 11:38:52.382  INFO 16396 --- [main] com.netflix.discovery.DiscoveryClient    : Application version is -1: true
2019-05-31 11:38:52.382  INFO 16396 --- [main] com.netflix.discovery.DiscoveryClient    : Getting all instance registry info from the eureka server
2019-05-31 11:38:52.502  INFO 16396 --- [main] com.netflix.discovery.DiscoveryClient    : The response status is 200
2019-05-31 11:38:52.504  INFO 16396 --- [main] com.netflix.discovery.DiscoveryClient    : Starting heartbeat executor: renew interval is: 30
2019-05-31 11:38:52.506  INFO 16396 --- [main] c.n.discovery.InstanceInfoReplicator     : InstanceInfoReplicator onDemand update allowed rate per min is 4
2019-05-31 11:38:52.508  INFO 16396 --- [main] com.netflix.discovery.DiscoveryClient    : Discovery Client initialized at timestamp 1559273932508 with initial instances count: 6
2019-05-31 11:38:52.516  INFO 16396 --- [main] o.s.c.n.e.s.EurekaServiceRegistry        : Registering application cost-supplier with eureka with status UP
2019-05-31 11:38:52.516  INFO 16396 --- [main] com.netflix.discovery.DiscoveryClient    : Saw local status change event StatusChangeEvent [timestamp=1559273932516, current=UP, previous=STARTING]
2019-05-31 11:38:52.518  INFO 16396 --- [DiscoveryClient-InstanceInfoReplicator-0] com.netflix.discovery.DiscoveryClient    : DiscoveryClient_COST-SUPPLIER/10.16.1.130:cost-supplier:18054: registering service...
2019-05-31 11:38:52.520  INFO 16396 --- [main] o.s.c.support.DefaultLifecycleProcessor  : Starting beans in phase 2147483647
2019-05-31 11:38:52.521  INFO 16396 --- [main] d.s.w.p.DocumentationPluginsBootstrapper : Context refreshed
2019-05-31 11:38:52.537  INFO 16396 --- [main] d.s.w.p.DocumentationPluginsBootstrapper : Found 1 custom documentation plugin(s)
2019-05-31 11:38:52.545  INFO 16396 --- [main] s.d.s.w.s.ApiListingReferenceScanner     : Scanning for api listing references
2019-05-31 11:38:52.547  INFO 16396 --- [DiscoveryClient-InstanceInfoReplicator-0] com.netflix.discovery.DiscoveryClient    : DiscoveryClient_COST-SUPPLIER/10.16.1.130:cost-supplier:18054 - registration status: 204
2019-05-31 11:38:52.667  INFO 16396 --- [main] s.b.c.e.t.TomcatEmbeddedServletContainer : Tomcat started on port(s): 18054 (http)
2019-05-31 11:38:52.668  INFO 16396 --- [main] .s.c.n.e.s.EurekaAutoServiceRegistration : Updating port to 18054
2019-05-31 11:38:52.671  INFO 16396 --- [main] c.n.c.CostsupplierApplication            : Started CostsupplierApplication in 5.188 seconds (JVM running for 5.786)
2019-05-31 11:40:11.770  INFO 16396 --- [http-nio-18054-exec-1] o.a.c.c.C.[Tomcat].[localhost].[/]       : Initializing Spring FrameworkServlet 'dispatcherServlet'
2019-05-31 11:40:11.771  INFO 16396 --- [http-nio-18054-exec-1] o.s.web.servlet.DispatcherServlet        : FrameworkServlet 'dispatcherServlet': initialization started
2019-05-31 11:40:11.787  INFO 16396 --- [http-nio-18054-exec-1] o.s.web.servlet.DispatcherServlet        : FrameworkServlet 'dispatcherServlet': initialization completed in 16 ms
2019-05-31 11:40:18.313  INFO 16396 --- [http-nio-18054-exec-10] com.njwd.costsupplier.aop.WebLogAspect   : URL: http://localhost:18054/test/getEnterpriseInfo
2019-05-31 11:40:18.313  INFO 16396 --- [http-nio-18054-exec-10] com.njwd.costsupplier.aop.WebLogAspect   : HTTP_METHOD: GET
2019-05-31 11:40:18.313  INFO 16396 --- [http-nio-18054-exec-10] com.njwd.costsupplier.aop.WebLogAspect   : IP: 0:0:0:0:0:0:0:1
2019-05-31 11:40:18.375  INFO 16396 --- [http-nio-18054-exec-10] com.alibaba.druid.pool.DruidDataSource   : {dataSource-1} inited
2019-05-31 11:40:18.517  INFO 16396 --- [http-nio-18054-exec-10] com.njwd.costsupplier.aop.WebLogAspect   : RESPONSE: com.njwd.costsupplier.entity.ApiMessage@6115b3c7
2019-05-31 11:40:34.748  INFO 16396 --- [http-nio-18054-exec-7] com.njwd.costsupplier.aop.WebLogAspect   : URL: http://localhost:18054/test/test
2019-05-31 11:40:34.748  INFO 16396 --- [http-nio-18054-exec-7] com.njwd.costsupplier.aop.WebLogAspect   : HTTP_METHOD: GET
2019-05-31 11:40:34.748  INFO 16396 --- [http-nio-18054-exec-7] com.njwd.costsupplier.aop.WebLogAspect   : IP: 0:0:0:0:0:0:0:1
2019-05-31 11:40:34.748  INFO 16396 --- [http-nio-18054-exec-7] com.njwd.costsupplier.aop.WebLogAspect   : RESPONSE: supplier
2019-05-31 11:40:42.589  INFO 16396 --- [http-nio-18054-exec-9] com.njwd.costsupplier.aop.WebLogAspect   : URL: http://localhost:18054/test/getEnterpriseInfo
2019-05-31 11:40:42.589  INFO 16396 --- [http-nio-18054-exec-9] com.njwd.costsupplier.aop.WebLogAspect   : HTTP_METHOD: GET
2019-05-31 11:40:42.589  INFO 16396 --- [http-nio-18054-exec-9] com.njwd.costsupplier.aop.WebLogAspect   : IP: 0:0:0:0:0:0:0:1
2019-05-31 11:40:42.591  INFO 16396 --- [http-nio-18054-exec-9] com.njwd.costsupplier.aop.WebLogAspect   : RESPONSE: com.njwd.costsupplier.entity.ApiMessage@6a04e783
2019-05-31 11:40:51.620  INFO 16396 --- [http-nio-18054-exec-4] com.njwd.costsupplier.aop.WebLogAspect   : URL: http://localhost:18054/test/getEnterpriseInfo
2019-05-31 11:40:51.620  INFO 16396 --- [http-nio-18054-exec-4] com.njwd.costsupplier.aop.WebLogAspect   : HTTP_METHOD: GET
2019-05-31 11:40:51.620  INFO 16396 --- [http-nio-18054-exec-4] com.njwd.costsupplier.aop.WebLogAspect   : IP: 0:0:0:0:0:0:0:1
2019-05-31 11:40:51.623  INFO 16396 --- [http-nio-18054-exec-4] com.njwd.costsupplier.aop.WebLogAspect   : RESPONSE: com.njwd.costsupplier.entity.ApiMessage@47b4dfd9
2019-05-31 11:42:16.672  INFO 16396 --- [http-nio-18054-exec-10] com.njwd.costsupplier.aop.WebLogAspect   : URL: http://10.16.1.130:18054/test/test
2019-05-31 11:42:16.673  INFO 16396 --- [http-nio-18054-exec-10] com.njwd.costsupplier.aop.WebLogAspect   : HTTP_METHOD: GET
2019-05-31 11:42:16.673  INFO 16396 --- [http-nio-18054-exec-10] com.njwd.costsupplier.aop.WebLogAspect   : IP: 10.16.1.130
2019-05-31 11:42:16.673  INFO 16396 --- [http-nio-18054-exec-10] com.njwd.costsupplier.aop.WebLogAspect   : RESPONSE: supplier
2019-05-31 11:43:52.405  INFO 16396 --- [AsyncResolver-bootstrap-executor-0] c.n.d.s.r.aws.ConfigClusterResolver      : Resolving eureka endpoints via configuration
