2019-05-31 11:38:19.731  INFO 16284 --- [main] c.n.costprocess.CostprocessApplication   : The following profiles are active: dev
2019-05-31 11:38:19.779  INFO 16284 --- [main] ationConfigEmbeddedWebApplicationContext : Refreshing org.springframework.boot.context.embedded.AnnotationConfigEmbeddedWebApplicationContext@41dd05a: startup date [Fri May 31 11:38:19 CST 2019]; parent: org.springframework.context.annotation.AnnotationConfigApplicationContext@15c43bd9
2019-05-31 11:38:20.398  INFO 16284 --- [main] o.s.cloud.context.scope.GenericScope     : BeanFactory id=b4ddd38c-df58-3be0-8912-4471ce66b433
2019-05-31 11:38:20.414  INFO 16284 --- [main] f.a.AutowiredAnnotationBeanPostProcessor : JSR-330 'javax.inject.Inject' annotation found and supported for autowiring
2019-05-31 11:38:20.436  INFO 16284 --- [main] trationDelegate$BeanPostProcessorChecker : Bean 'com.njwd.costprocess.feign.BillFeign' of type [org.springframework.cloud.netflix.feign.FeignClientFactoryBean] is not eligible for getting processed by all BeanPostProcessors (for example: not eligible for auto-proxying)
2019-05-31 11:38:20.531  INFO 16284 --- [main] trationDelegate$BeanPostProcessorChecker : Bean 'org.springframework.transaction.annotation.ProxyTransactionManagementConfiguration' of type [org.springframework.transaction.annotation.ProxyTransactionManagementConfiguration$$EnhancerBySpringCGLIB$$5b592153] is not eligible for getting processed by all BeanPostProcessors (for example: not eligible for auto-proxying)
2019-05-31 11:38:20.623  INFO 16284 --- [main] trationDelegate$BeanPostProcessorChecker : Bean 'org.springframework.cloud.autoconfigure.ConfigurationPropertiesRebinderAutoConfiguration' of type [org.springframework.cloud.autoconfigure.ConfigurationPropertiesRebinderAutoConfiguration$$EnhancerBySpringCGLIB$$77732450] is not eligible for getting processed by all BeanPostProcessors (for example: not eligible for auto-proxying)
2019-05-31 11:38:20.861  INFO 16284 --- [main] s.b.c.e.t.TomcatEmbeddedServletContainer : Tomcat initialized with port(s): 18057 (http)
2019-05-31 11:38:20.882  INFO 16284 --- [main] o.apache.catalina.core.StandardService   : Starting service [Tomcat]
2019-05-31 11:38:20.883  INFO 16284 --- [main] org.apache.catalina.core.StandardEngine  : Starting Servlet Engine: Apache Tomcat/8.5.39
2019-05-31 11:38:20.987  INFO 16284 --- [localhost-startStop-1] o.a.c.c.C.[Tomcat].[localhost].[/]       : Initializing Spring embedded WebApplicationContext
2019-05-31 11:38:20.987  INFO 16284 --- [localhost-startStop-1] o.s.web.context.ContextLoader            : Root WebApplicationContext: initialization completed in 1208 ms
2019-05-31 11:38:21.125  INFO 16284 --- [localhost-startStop-1] o.s.b.w.servlet.ServletRegistrationBean  : Mapping servlet: 'dispatcherServlet' to [/]
2019-05-31 11:38:21.128  INFO 16284 --- [localhost-startStop-1] o.s.b.w.servlet.FilterRegistrationBean   : Mapping filter: 'characterEncodingFilter' to: [/*]
2019-05-31 11:38:21.129  INFO 16284 --- [localhost-startStop-1] o.s.b.w.servlet.FilterRegistrationBean   : Mapping filter: 'hiddenHttpMethodFilter' to: [/*]
2019-05-31 11:38:21.129  INFO 16284 --- [localhost-startStop-1] o.s.b.w.servlet.FilterRegistrationBean   : Mapping filter: 'httpPutFormContentFilter' to: [/*]
2019-05-31 11:38:21.129  INFO 16284 --- [localhost-startStop-1] o.s.b.w.servlet.FilterRegistrationBean   : Mapping filter: 'requestContextFilter' to: [/*]
2019-05-31 11:38:21.833  INFO 16284 --- [main] s.w.s.m.m.a.RequestMappingHandlerMapping : Mapped "{[/test/test],methods=[GET]}" onto public java.lang.Object com.njwd.costprocess.controller.TestController.test()
2019-05-31 11:38:21.834  INFO 16284 --- [main] s.w.s.m.m.a.RequestMappingHandlerMapping : Mapped "{[/test/getEnterpriseInfo],methods=[GET]}" onto public com.njwd.costprocess.entity.ApiMessage com.njwd.costprocess.controller.TestController.getEnterpriseInfo(java.lang.String)
2019-05-31 11:38:21.835  INFO 16284 --- [main] s.w.s.m.m.a.RequestMappingHandlerMapping : Mapped "{[/v2/api-docs],methods=[GET],produces=[application/json || application/hal+json]}" onto public org.springframework.http.ResponseEntity<springfox.documentation.spring.web.json.Json> springfox.documentation.swagger2.web.Swagger2Controller.getDocumentation(java.lang.String,javax.servlet.http.HttpServletRequest)
2019-05-31 11:38:21.838  INFO 16284 --- [main] s.w.s.m.m.a.RequestMappingHandlerMapping : Mapped "{[/swagger-resources/configuration/security]}" onto org.springframework.http.ResponseEntity<springfox.documentation.swagger.web.SecurityConfiguration> springfox.documentation.swagger.web.ApiResourceController.securityConfiguration()
2019-05-31 11:38:21.838  INFO 16284 --- [main] s.w.s.m.m.a.RequestMappingHandlerMapping : Mapped "{[/swagger-resources]}" onto org.springframework.http.ResponseEntity<java.util.List<springfox.documentation.swagger.web.SwaggerResource>> springfox.documentation.swagger.web.ApiResourceController.swaggerResources()
2019-05-31 11:38:21.839  INFO 16284 --- [main] s.w.s.m.m.a.RequestMappingHandlerMapping : Mapped "{[/swagger-resources/configuration/ui]}" onto org.springframework.http.ResponseEntity<springfox.documentation.swagger.web.UiConfiguration> springfox.documentation.swagger.web.ApiResourceController.uiConfiguration()
2019-05-31 11:38:21.841  INFO 16284 --- [main] s.w.s.m.m.a.RequestMappingHandlerMapping : Mapped "{[/error]}" onto public org.springframework.http.ResponseEntity<java.util.Map<java.lang.String, java.lang.Object>> org.springframework.boot.autoconfigure.web.BasicErrorController.error(javax.servlet.http.HttpServletRequest)
2019-05-31 11:38:21.841  INFO 16284 --- [main] s.w.s.m.m.a.RequestMappingHandlerMapping : Mapped "{[/error],produces=[text/html]}" onto public org.springframework.web.servlet.ModelAndView org.springframework.boot.autoconfigure.web.BasicErrorController.errorHtml(javax.servlet.http.HttpServletRequest,javax.servlet.http.HttpServletResponse)
2019-05-31 11:38:22.027  WARN 16284 --- [main] c.n.c.sources.URLConfigurationSource     : No URLs will be polled as dynamic configuration sources.
2019-05-31 11:38:22.027  INFO 16284 --- [main] c.n.c.sources.URLConfigurationSource     : To enable URLs as dynamic configuration sources, define System property archaius.configurationSource.additionalUrls or make config.properties available on classpath.
2019-05-31 11:38:22.030  WARN 16284 --- [main] c.n.c.sources.URLConfigurationSource     : No URLs will be polled as dynamic configuration sources.
2019-05-31 11:38:22.030  INFO 16284 --- [main] c.n.c.sources.URLConfigurationSource     : To enable URLs as dynamic configuration sources, define System property archaius.configurationSource.additionalUrls or make config.properties available on classpath.
2019-05-31 11:38:22.166  INFO 16284 --- [main] s.w.s.m.m.a.RequestMappingHandlerAdapter : Looking for @ControllerAdvice: org.springframework.boot.context.embedded.AnnotationConfigEmbeddedWebApplicationContext@41dd05a: startup date [Fri May 31 11:38:19 CST 2019]; parent: org.springframework.context.annotation.AnnotationConfigApplicationContext@15c43bd9
2019-05-31 11:38:22.212  INFO 16284 --- [main] o.s.w.s.handler.SimpleUrlHandlerMapping  : Mapped URL path [/webjars/**] onto handler of type [class org.springframework.web.servlet.resource.ResourceHttpRequestHandler]
2019-05-31 11:38:22.212  INFO 16284 --- [main] o.s.w.s.handler.SimpleUrlHandlerMapping  : Mapped URL path [/**] onto handler of type [class org.springframework.web.servlet.resource.ResourceHttpRequestHandler]
2019-05-31 11:38:22.226  INFO 16284 --- [main] .m.m.a.ExceptionHandlerExceptionResolver : Detected @ExceptionHandler methods in globalExceptionHandler
2019-05-31 11:38:22.246  INFO 16284 --- [main] o.s.w.s.handler.SimpleUrlHandlerMapping  : Mapped URL path [/**/favicon.ico] onto handler of type [class org.springframework.web.servlet.resource.ResourceHttpRequestHandler]
2019-05-31 11:38:22.960  WARN 16284 --- [main] arterDeprecationWarningAutoConfiguration : spring-cloud-starter-eureka is deprecated as of Spring Cloud Netflix 1.4.0, please migrate to spring-cloud-starter-netflix-eureka
2019-05-31 11:38:22.999  INFO 16284 --- [main] o.s.j.e.a.AnnotationMBeanExporter        : Registering beans for JMX exposure on startup
2019-05-31 11:38:23.000  INFO 16284 --- [main] o.s.j.e.a.AnnotationMBeanExporter        : Bean with name 'dataSource' has been autodetected for JMX exposure
2019-05-31 11:38:23.006  INFO 16284 --- [main] o.s.j.e.a.AnnotationMBeanExporter        : Bean with name 'configurationPropertiesRebinder' has been autodetected for JMX exposure
2019-05-31 11:38:23.007  INFO 16284 --- [main] o.s.j.e.a.AnnotationMBeanExporter        : Bean with name 'environmentManager' has been autodetected for JMX exposure
2019-05-31 11:38:23.007  INFO 16284 --- [main] o.s.j.e.a.AnnotationMBeanExporter        : Bean with name 'refreshScope' has been autodetected for JMX exposure
2019-05-31 11:38:23.009  INFO 16284 --- [main] o.s.j.e.a.AnnotationMBeanExporter        : Located managed bean 'environmentManager': registering with JMX server as MBean [org.springframework.cloud.context.environment:name=environmentManager,type=EnvironmentManager]
2019-05-31 11:38:23.018  INFO 16284 --- [main] o.s.j.e.a.AnnotationMBeanExporter        : Located managed bean 'refreshScope': registering with JMX server as MBean [org.springframework.cloud.context.scope.refresh:name=refreshScope,type=RefreshScope]
2019-05-31 11:38:23.025  INFO 16284 --- [main] o.s.j.e.a.AnnotationMBeanExporter        : Located managed bean 'configurationPropertiesRebinder': registering with JMX server as MBean [org.springframework.cloud.context.properties:name=configurationPropertiesRebinder,context=41dd05a,type=ConfigurationPropertiesRebinder]
2019-05-31 11:38:23.030  INFO 16284 --- [main] o.s.j.e.a.AnnotationMBeanExporter        : Located MBean 'dataSource': registering with JMX server as MBean [com.alibaba.druid.pool:name=dataSource,type=DruidDataSource]
2019-05-31 11:38:23.038  INFO 16284 --- [main] o.s.c.support.DefaultLifecycleProcessor  : Starting beans in phase 0
2019-05-31 11:38:23.050  INFO 16284 --- [main] o.s.c.n.eureka.InstanceInfoFactory       : Setting initial instance status as: STARTING
2019-05-31 11:38:23.079  INFO 16284 --- [main] com.netflix.discovery.DiscoveryClient    : Initializing Eureka in region us-east-1
2019-05-31 11:38:23.193  INFO 16284 --- [main] c.n.d.provider.DiscoveryJerseyProvider   : Using JSON encoding codec LegacyJacksonJson
2019-05-31 11:38:23.193  INFO 16284 --- [main] c.n.d.provider.DiscoveryJerseyProvider   : Using JSON decoding codec LegacyJacksonJson
2019-05-31 11:38:23.305  INFO 16284 --- [main] c.n.d.provider.DiscoveryJerseyProvider   : Using XML encoding codec XStreamXml
2019-05-31 11:38:23.305  INFO 16284 --- [main] c.n.d.provider.DiscoveryJerseyProvider   : Using XML decoding codec XStreamXml
2019-05-31 11:38:23.436  INFO 16284 --- [main] c.n.d.s.r.aws.ConfigClusterResolver      : Resolving eureka endpoints via configuration
2019-05-31 11:38:23.493  INFO 16284 --- [main] com.netflix.discovery.DiscoveryClient    : Disable delta property : false
2019-05-31 11:38:23.494  INFO 16284 --- [main] com.netflix.discovery.DiscoveryClient    : Single vip registry refresh property : null
2019-05-31 11:38:23.494  INFO 16284 --- [main] com.netflix.discovery.DiscoveryClient    : Force full registry fetch : false
2019-05-31 11:38:23.494  INFO 16284 --- [main] com.netflix.discovery.DiscoveryClient    : Application is null : false
2019-05-31 11:38:23.494  INFO 16284 --- [main] com.netflix.discovery.DiscoveryClient    : Registered Applications size is zero : true
2019-05-31 11:38:23.494  INFO 16284 --- [main] com.netflix.discovery.DiscoveryClient    : Application version is -1: true
2019-05-31 11:38:23.494  INFO 16284 --- [main] com.netflix.discovery.DiscoveryClient    : Getting all instance registry info from the eureka server
2019-05-31 11:38:23.615  INFO 16284 --- [main] com.netflix.discovery.DiscoveryClient    : The response status is 200
2019-05-31 11:38:23.616  INFO 16284 --- [main] com.netflix.discovery.DiscoveryClient    : Starting heartbeat executor: renew interval is: 30
2019-05-31 11:38:23.618  INFO 16284 --- [main] c.n.discovery.InstanceInfoReplicator     : InstanceInfoReplicator onDemand update allowed rate per min is 4
2019-05-31 11:38:23.620  INFO 16284 --- [main] com.netflix.discovery.DiscoveryClient    : Discovery Client initialized at timestamp 1559273903620 with initial instances count: 5
2019-05-31 11:38:23.627  INFO 16284 --- [main] o.s.c.n.e.s.EurekaServiceRegistry        : Registering application cost-process with eureka with status UP
2019-05-31 11:38:23.628  INFO 16284 --- [main] com.netflix.discovery.DiscoveryClient    : Saw local status change event StatusChangeEvent [timestamp=1559273903628, current=UP, previous=STARTING]
2019-05-31 11:38:23.629  INFO 16284 --- [DiscoveryClient-InstanceInfoReplicator-0] com.netflix.discovery.DiscoveryClient    : DiscoveryClient_COST-PROCESS/10.16.1.130:cost-process:18057: registering service...
2019-05-31 11:38:23.631  INFO 16284 --- [main] o.s.c.support.DefaultLifecycleProcessor  : Starting beans in phase 2147483647
2019-05-31 11:38:23.632  INFO 16284 --- [main] d.s.w.p.DocumentationPluginsBootstrapper : Context refreshed
2019-05-31 11:38:23.646  INFO 16284 --- [main] d.s.w.p.DocumentationPluginsBootstrapper : Found 1 custom documentation plugin(s)
2019-05-31 11:38:23.655  INFO 16284 --- [main] s.d.s.w.s.ApiListingReferenceScanner     : Scanning for api listing references
2019-05-31 11:38:23.656  INFO 16284 --- [DiscoveryClient-InstanceInfoReplicator-0] com.netflix.discovery.DiscoveryClient    : DiscoveryClient_COST-PROCESS/10.16.1.130:cost-process:18057 - registration status: 204
2019-05-31 11:38:23.775  INFO 16284 --- [main] s.b.c.e.t.TomcatEmbeddedServletContainer : Tomcat started on port(s): 18057 (http)
2019-05-31 11:38:23.776  INFO 16284 --- [main] .s.c.n.e.s.EurekaAutoServiceRegistration : Updating port to 18057
2019-05-31 11:38:23.780  INFO 16284 --- [main] c.n.costprocess.CostprocessApplication   : Started CostprocessApplication in 5.271 seconds (JVM running for 5.851)
2019-05-31 11:39:43.345  INFO 16284 --- [http-nio-18057-exec-1] o.a.c.c.C.[Tomcat].[localhost].[/]       : Initializing Spring FrameworkServlet 'dispatcherServlet'
2019-05-31 11:39:43.345  INFO 16284 --- [http-nio-18057-exec-1] o.s.web.servlet.DispatcherServlet        : FrameworkServlet 'dispatcherServlet': initialization started
2019-05-31 11:39:43.362  INFO 16284 --- [http-nio-18057-exec-1] o.s.web.servlet.DispatcherServlet        : FrameworkServlet 'dispatcherServlet': initialization completed in 17 ms
2019-05-31 11:39:51.566  INFO 16284 --- [http-nio-18057-exec-5] com.njwd.costprocess.aop.WebLogAspect    : URL: http://localhost:18057/test/test
2019-05-31 11:39:51.566  INFO 16284 --- [http-nio-18057-exec-5] com.njwd.costprocess.aop.WebLogAspect    : HTTP_METHOD: GET
2019-05-31 11:39:51.566  INFO 16284 --- [http-nio-18057-exec-5] com.njwd.costprocess.aop.WebLogAspect    : IP: 0:0:0:0:0:0:0:1
2019-05-31 11:39:51.568  INFO 16284 --- [http-nio-18057-exec-5] com.njwd.costprocess.aop.WebLogAspect    : RESPONSE: process
2019-05-31 11:42:43.834  INFO 16284 --- [http-nio-18057-exec-2] com.njwd.costprocess.aop.WebLogAspect    : URL: http://10.16.1.130:18057/test/test
2019-05-31 11:42:43.834  INFO 16284 --- [http-nio-18057-exec-2] com.njwd.costprocess.aop.WebLogAspect    : HTTP_METHOD: GET
2019-05-31 11:42:43.834  INFO 16284 --- [http-nio-18057-exec-2] com.njwd.costprocess.aop.WebLogAspect    : IP: 10.16.1.130
2019-05-31 11:42:43.834  INFO 16284 --- [http-nio-18057-exec-2] com.njwd.costprocess.aop.WebLogAspect    : RESPONSE: process
2019-05-31 11:43:23.496  INFO 16284 --- [AsyncResolver-bootstrap-executor-0] c.n.d.s.r.aws.ConfigClusterResolver      : Resolving eureka endpoints via configuration
